#-----------------------------------------------------------
# Vivado v2017.4 (64-bit)
# SW Build 2086221 on Fri Dec 15 20:55:39 MST 2017
# IP Build 2085800 on Fri Dec 15 22:25:07 MST 2017
# Start of session at: Mon May 26 01:07:12 2025
# Process ID: 5124
# Current directory: C:/Users/YanJiasheng/Desktop/Timer
# Command line: vivado.exe -gui_launcher_event rodinguilauncherevent1576 C:\Users\YanJiasheng\Desktop\Timer\Timer_G2.xpr
# Log file: C:/Users/YanJiasheng/Desktop/Timer/vivado.log
# Journal file: C:/Users/YanJiasheng/Desktop/Timer\vivado.jou
#-----------------------------------------------------------
start_gui
open_project C:/Users/YanJiasheng/Desktop/Timer/Timer_G2.xpr
Scanning sources...
Finished scanning sources
INFO: [IP_Flow 19-234] Refreshing IP repositories
INFO: [IP_Flow 19-1704] No user IP repositories specified
INFO: [IP_Flow 19-2313] Loaded Vivado IP repository 'D:/Xilinx/Vivado/2017.4/data/ip'.
open_project: Time (s): cpu = 00:00:12 ; exit
INFO: [Common 17-206] Exiting Vivado at Mon May 26 01:09:50 2025...
ompile_order -fileset sources_1
exit
INFO: [Common 17-206] Exiting Vivado at Mon May 26 01:09:47 2025...
